0 info it worked if it ends with ok
1 verbose cli [ 'C:\\Program Files (x86)\\Microsoft Visual Studio\\Preview\\Enterprise\\Web\\External\\Node.exe',
1 verbose cli   'C:\\Program Files (x86)\\Microsoft Visual Studio\\Preview\\Enterprise\\Web\\External\\node_modules\\npm\\bin\\npm-cli.js',
1 verbose cli   'install' ]
2 info using npm@3.3.4
3 info using node@v5.4.1
4 silly loadCurrentTree Starting
5 silly install loadCurrentTree
6 silly install readLocalPackageData
7 silly install normalizeTree
8 silly loadCurrentTree Finishing
9 silly loadIdealTree Starting
10 silly install loadIdealTree
11 silly cloneCurrentTree Starting
12 silly install cloneCurrentTreeToIdealTree
13 silly cloneCurrentTree Finishing
14 silly loadShrinkwrap Starting
15 silly install loadShrinkwrap
16 silly loadShrinkwrap Finishing
17 silly loadAllDepsIntoIdealTree Starting
18 silly install loadAllDepsIntoIdealTree
19 silly fetchNamedPackageData angular
20 silly mapToRegistry name angular
21 silly mapToRegistry using default registry
22 silly mapToRegistry registry https://registry.npmjs.org/
23 silly mapToRegistry uri https://registry.npmjs.org/angular
24 silly fetchNamedPackageData signalr-client
25 silly mapToRegistry name signalr-client
26 silly mapToRegistry using default registry
27 silly mapToRegistry registry https://registry.npmjs.org/
28 silly mapToRegistry uri https://registry.npmjs.org/signalr-client
29 verbose request uri https://registry.npmjs.org/angular
30 verbose request no auth needed
31 info attempt registry request try #1 at 1:44:06 AM
32 verbose request id 5c48d5edcce65a49
33 verbose etag W/"598055fa-25049"
34 verbose lastModified Tue, 01 Aug 2017 10:20:42 GMT
35 http request GET https://registry.npmjs.org/angular
36 verbose request uri https://registry.npmjs.org/signalr-client
37 verbose request no auth needed
38 info attempt registry request try #1 at 1:44:06 AM
39 verbose etag W/"59720299-5aaf"
40 verbose lastModified Fri, 21 Jul 2017 13:33:13 GMT
41 http request GET https://registry.npmjs.org/signalr-client
42 http 304 https://registry.npmjs.org/angular
43 verbose headers { date: 'Fri, 04 Aug 2017 05:44:10 GMT',
43 verbose headers   via: '1.1 varnish',
43 verbose headers   'cache-control': 'max-age=300',
43 verbose headers   etag: 'W/"598055fa-25049"',
43 verbose headers   age: '221',
43 verbose headers   connection: 'keep-alive',
43 verbose headers   'x-served-by': 'cache-jfk8122-JFK',
43 verbose headers   'x-cache': 'HIT',
43 verbose headers   'x-cache-hits': '1',
43 verbose headers   'x-timer': 'S1501825451.612337,VS0,VE0',
43 verbose headers   vary: 'Accept-Encoding, Accept' }
44 silly get cb [ 304,
44 silly get   { date: 'Fri, 04 Aug 2017 05:44:10 GMT',
44 silly get     via: '1.1 varnish',
44 silly get     'cache-control': 'max-age=300',
44 silly get     etag: 'W/"598055fa-25049"',
44 silly get     age: '221',
44 silly get     connection: 'keep-alive',
44 silly get     'x-served-by': 'cache-jfk8122-JFK',
44 silly get     'x-cache': 'HIT',
44 silly get     'x-cache-hits': '1',
44 silly get     'x-timer': 'S1501825451.612337,VS0,VE0',
44 silly get     vary: 'Accept-Encoding, Accept' } ]
45 verbose etag https://registry.npmjs.org/angular from cache
46 verbose get saving angular to C:\Users\gracie\AppData\Roaming\npm-cache\registry.npmjs.org\angular\.cache.json
47 http 304 https://registry.npmjs.org/signalr-client
48 verbose headers { date: 'Fri, 04 Aug 2017 05:44:10 GMT',
48 verbose headers   via: '1.1 varnish',
48 verbose headers   'cache-control': 'max-age=300',
48 verbose headers   etag: 'W/"59720299-5aaf"',
48 verbose headers   age: '0',
48 verbose headers   connection: 'keep-alive',
48 verbose headers   'x-served-by': 'cache-jfk8133-JFK',
48 verbose headers   'x-cache': 'HIT',
48 verbose headers   'x-cache-hits': '1',
48 verbose headers   'x-timer': 'S1501825451.621913,VS0,VE7',
48 verbose headers   vary: 'Accept-Encoding, Accept' }
49 silly get cb [ 304,
49 silly get   { date: 'Fri, 04 Aug 2017 05:44:10 GMT',
49 silly get     via: '1.1 varnish',
49 silly get     'cache-control': 'max-age=300',
49 silly get     etag: 'W/"59720299-5aaf"',
49 silly get     age: '0',
49 silly get     connection: 'keep-alive',
49 silly get     'x-served-by': 'cache-jfk8133-JFK',
49 silly get     'x-cache': 'HIT',
49 silly get     'x-cache-hits': '1',
49 silly get     'x-timer': 'S1501825451.621913,VS0,VE7',
49 silly get     vary: 'Accept-Encoding, Accept' } ]
50 verbose etag https://registry.npmjs.org/signalr-client from cache
51 verbose get saving signalr-client to C:\Users\gracie\AppData\Roaming\npm-cache\registry.npmjs.org\signalr-client\.cache.json
52 silly resolveWithNewModule angular@1.6.5 checking installable status
53 silly cache add args [ 'angular@^1.6.5', null ]
54 verbose cache add spec angular@^1.6.5
55 silly cache add parsed spec Result {
55 silly cache add   raw: 'angular@^1.6.5',
55 silly cache add   scope: null,
55 silly cache add   name: 'angular',
55 silly cache add   rawSpec: '^1.6.5',
55 silly cache add   spec: '>=1.6.5-0 <2.0.0-0',
55 silly cache add   type: 'range' }
56 silly addNamed angular@>=1.6.5-0 <2.0.0-0
57 verbose addNamed ">=1.6.5-0 <2.0.0-0" is a valid semver range for angular
58 silly addNameRange { name: 'angular', range: '>=1.6.5-0 <2.0.0-0', hasData: false }
59 silly mapToRegistry name angular
60 silly mapToRegistry using default registry
61 silly mapToRegistry registry https://registry.npmjs.org/
62 silly mapToRegistry uri https://registry.npmjs.org/angular
63 verbose addNameRange registry:https://registry.npmjs.org/angular not in flight; fetching
64 silly fetchPackageMetaData Error: No compatible version found: signalr-client@0.1.0-alpha1-26553
64 silly fetchPackageMetaData Valid install targets:
64 silly fetchPackageMetaData ["0.0.17","0.0.16","0.0.15","0.0.14","0.0.13","0.0.12","0.0.11","0.0.10","0.0.9","0.0.8","0.0.7","0.0.6","0.0.5","0.0.4","0.0.3","0.0.2","0.0.1"]
64 silly fetchPackageMetaData
64 silly fetchPackageMetaData     at pickVersionFromRegistryDocument (C:\Program Files (x86)\Microsoft Visual Studio\Preview\Enterprise\Web\External\node_modules\npm\lib\fetch-package-metadata.js:146:16)
64 silly fetchPackageMetaData     at C:\Program Files (x86)\Microsoft Visual Studio\Preview\Enterprise\Web\External\node_modules\iferr\index.js:13:50
64 silly fetchPackageMetaData     at C:\Program Files (x86)\Microsoft Visual Studio\Preview\Enterprise\Web\External\node_modules\npm\lib\utils\pulse-till-done.js:19:8
64 silly fetchPackageMetaData     at saved (C:\Program Files (x86)\Microsoft Visual Studio\Preview\Enterprise\Web\External\node_modules\npm\lib\cache\caching-client.js:168:7)
64 silly fetchPackageMetaData     at C:\Program Files (x86)\Microsoft Visual Studio\Preview\Enterprise\Web\External\node_modules\npm\node_modules\graceful-fs\polyfills.js:210:7
64 silly fetchPackageMetaData     at FSReqWrap.oncomplete (fs.js:82:15)
64 silly fetchPackageMetaData  error for signalr-client@0.1.0-alpha1-26553 [Error: No compatible version found: signalr-client@0.1.0-alpha1-26553
64 silly fetchPackageMetaData Valid install targets:
64 silly fetchPackageMetaData ["0.0.17","0.0.16","0.0.15","0.0.14","0.0.13","0.0.12","0.0.11","0.0.10","0.0.9","0.0.8","0.0.7","0.0.6","0.0.5","0.0.4","0.0.3","0.0.2","0.0.1"]
64 silly fetchPackageMetaData ]
65 verbose get https://registry.npmjs.org/angular not expired, no request
66 silly addNameRange number 2 { name: 'angular', range: '>=1.6.5-0 <2.0.0-0', hasData: true }
67 silly addNameRange versions [ 'angular',
67 silly addNameRange   [ '0.0.1',
67 silly addNameRange     '0.0.1-1',
67 silly addNameRange     '0.0.1-2',
67 silly addNameRange     '0.0.2',
67 silly addNameRange     '0.0.3',
67 silly addNameRange     '0.0.4',
67 silly addNameRange     '1.0.0',
67 silly addNameRange     '1.0.1',
67 silly addNameRange     '1.0.2',
67 silly addNameRange     '1.0.3',
67 silly addNameRange     '1.0.4',
67 silly addNameRange     '1.0.5',
67 silly addNameRange     '1.0.6',
67 silly addNameRange     '1.0.7',
67 silly addNameRange     '1.0.8',
67 silly addNameRange     '1.1.0',
67 silly addNameRange     '1.1.1',
67 silly addNameRange     '1.1.2',
67 silly addNameRange     '1.1.3',
67 silly addNameRange     '1.1.4',
67 silly addNameRange     '1.1.5',
67 silly addNameRange     '1.2.0',
67 silly addNameRange     '1.2.1',
67 silly addNameRange     '1.2.2',
67 silly addNameRange     '1.2.3',
67 silly addNameRange     '1.2.4',
67 silly addNameRange     '1.2.5',
67 silly addNameRange     '1.2.6',
67 silly addNameRange     '1.2.7',
67 silly addNameRange     '1.2.8',
67 silly addNameRange     '1.2.9',
67 silly addNameRange     '1.2.10',
67 silly addNameRange     '1.2.11',
67 silly addNameRange     '1.2.12',
67 silly addNameRange     '1.2.13',
67 silly addNameRange     '1.2.14',
67 silly addNameRange     '1.2.15',
67 silly addNameRange     '1.2.16',
67 silly addNameRange     '1.2.17',
67 silly addNameRange     '1.2.18',
67 silly addNameRange     '1.2.19',
67 silly addNameRange     '1.2.20',
67 silly addNameRange     '1.2.21',
67 silly addNameRange     '1.2.22',
67 silly addNameRange     '1.2.23',
67 silly addNameRange     '1.3.0-rc.5',
67 silly addNameRange     '1.3.0',
67 silly addNameRange     '1.3.1',
67 silly addNameRange     '1.3.2',
67 silly addNameRange     '1.3.3',
67 silly addNameRange     '1.3.4-build.3588',
67 silly addNameRange     '1.2.27',
67 silly addNameRange     '1.3.4',
67 silly addNameRange     '1.3.5',
67 silly addNameRange     '1.3.6',
67 silly addNameRange     '1.3.7',
67 silly addNameRange     '1.2.28',
67 silly addNameRange     '1.3.8',
67 silly addNameRange     '1.4.0-beta.0',
67 silly addNameRange     '1.3.9',
67 silly addNameRange     '1.3.10',
67 silly addNameRange     '1.4.0-beta.1',
67 silly addNameRange     '1.4.0-beta.2',
67 silly addNameRange     '1.3.11',
67 silly addNameRange     '1.4.0-beta.3',
67 silly addNameRange     '1.3.12',
67 silly addNameRange     '1.3.13',
67 silly addNameRange     '1.4.0-beta.4',
67 silly addNameRange     '1.3.14',
67 silly addNameRange     '1.4.0-beta.5',
67 silly addNameRange     '1.4.0-beta.6',
67 silly addNameRange     '1.3.15',
67 silly addNameRange     '1.4.0-rc.0',
67 silly addNameRange     '1.4.0-rc.1',
67 silly addNameRange     '1.4.0-rc.2',
67 silly addNameRange     '1.4.0',
67 silly addNameRange     '1.3.16',
67 silly addNameRange     '1.4.1',
67 silly addNameRange     '1.4.2',
67 silly addNameRange     '1.3.17',
67 silly addNameRange     '1.4.3',
67 silly addNameRange     '1.4.4',
67 silly addNameRange     '1.3.18',
67 silly addNameRange     '1.4.5',
67 silly addNameRange     '1.3.19',
67 silly addNameRange     '1.4.6',
67 silly addNameRange     '1.5.0-beta.0',
67 silly addNameRange     '1.2.29',
67 silly addNameRange     '1.3.20',
67 silly addNameRange     '1.4.7',
67 silly addNameRange     '1.5.0-beta.2',
67 silly addNameRange     '1.4.8',
67 silly addNameRange     '1.5.0-rc.0',
67 silly addNameRange     '1.5.0-rc.1',
67 silly addNameRange     '1.4.9',
67 silly addNameRange     '1.5.0-rc.2',
67 silly addNameRange     '1.5.0',
67 silly addNameRange     '1.5.1',
67 silly addNameRange     '1.4.10',
67 silly addNameRange     '1.5.2',
67 silly addNameRange     '1.5.3',
67 silly addNameRange     '1.5.5',
67 silly addNameRange     '1.4.11',
67 silly addNameRange     '1.5.6',
67 silly addNameRange     '1.4.12',
67 silly addNameRange     '1.5.7',
67 silly addNameRange     '1.2.30',
67 silly addNameRange     '1.5.8',
67 silly addNameRange     '1.4.13',
67 silly addNameRange     '1.2.31',
67 silly addNameRange     '1.2.32',
67 silly addNameRange     '1.4.14',
67 silly addNameRange     '1.6.0-rc.0',
67 silly addNameRange     '1.6.0-rc.1',
67 silly addNameRange     '1.5.9',
67 silly addNameRange     '1.6.0-rc.2',
67 silly addNameRange     '1.6.0',
67 silly addNameRange     '1.5.10',
67 silly addNameRange     '1.6.1',
67 silly addNameRange     '1.5.11',
67 silly addNameRange     '1.6.2',
67 silly addNameRange     '1.6.3',
67 silly addNameRange     '1.6.4',
67 silly addNameRange     '1.6.5' ] ]
68 silly addNamed angular@1.6.5
69 verbose addNamed "1.6.5" is a plain semver version for angular
70 silly cache afterAdd angular@1.6.5
71 verbose afterAdd C:\Users\gracie\AppData\Roaming\npm-cache\angular\1.6.5\package\package.json not in flight; writing
72 verbose afterAdd C:\Users\gracie\AppData\Roaming\npm-cache\angular\1.6.5\package\package.json written
73 silly rollbackFailedOptional Starting
74 silly rollbackFailedOptional Finishing
75 silly runTopLevelLifecycles Starting
76 silly runTopLevelLifecycles Finishing
77 silly install printInstalled
78 verbose stack Error: No compatible version found: signalr-client@0.1.0-alpha1-26553
78 verbose stack Valid install targets:
78 verbose stack ["0.0.17","0.0.16","0.0.15","0.0.14","0.0.13","0.0.12","0.0.11","0.0.10","0.0.9","0.0.8","0.0.7","0.0.6","0.0.5","0.0.4","0.0.3","0.0.2","0.0.1"]
78 verbose stack
78 verbose stack     at pickVersionFromRegistryDocument (C:\Program Files (x86)\Microsoft Visual Studio\Preview\Enterprise\Web\External\node_modules\npm\lib\fetch-package-metadata.js:146:16)
78 verbose stack     at C:\Program Files (x86)\Microsoft Visual Studio\Preview\Enterprise\Web\External\node_modules\iferr\index.js:13:50
78 verbose stack     at C:\Program Files (x86)\Microsoft Visual Studio\Preview\Enterprise\Web\External\node_modules\npm\lib\utils\pulse-till-done.js:19:8
78 verbose stack     at saved (C:\Program Files (x86)\Microsoft Visual Studio\Preview\Enterprise\Web\External\node_modules\npm\lib\cache\caching-client.js:168:7)
78 verbose stack     at C:\Program Files (x86)\Microsoft Visual Studio\Preview\Enterprise\Web\External\node_modules\npm\node_modules\graceful-fs\polyfills.js:210:7
78 verbose stack     at FSReqWrap.oncomplete (fs.js:82:15)
79 verbose cwd D:\org\projects\fogbridge3\ActorModelDojo\src\SRworkingGit\SRworking
80 error Windows_NT 10.0.15063
81 error argv "C:\\Program Files (x86)\\Microsoft Visual Studio\\Preview\\Enterprise\\Web\\External\\Node.exe" "C:\\Program Files (x86)\\Microsoft Visual Studio\\Preview\\Enterprise\\Web\\External\\node_modules\\npm\\bin\\npm-cli.js" "install"
82 error node v5.4.1
83 error npm  v3.3.4
84 error No compatible version found: signalr-client@0.1.0-alpha1-26553
84 error Valid install targets:
84 error ["0.0.17","0.0.16","0.0.15","0.0.14","0.0.13","0.0.12","0.0.11","0.0.10","0.0.9","0.0.8","0.0.7","0.0.6","0.0.5","0.0.4","0.0.3","0.0.2","0.0.1"]
85 error If you need help, you may report this error at:
85 error     <https://github.com/npm/npm/issues>
86 verbose exit [ 1, true ]
